2025-12-29 19:35:44,337 - INFO - Receiving upload. Content-Length: 6846
2025-12-29 19:35:44,355 - DEBUG - Headers: Host: 127.0.0.1:8080
User-Agent: curl/8.7.1
Accept: */*
Content-Length: 6846
Content-Type: multipart/form-data; boundary=------------------------eq9GHT7v2wnatfztrN4Gj0


2025-12-29 19:35:44,355 - INFO - Body read successfully
2025-12-29 19:35:44,356 - INFO - Message is multipart
2025-12-29 19:35:44,356 - DEBUG - Processing part: name=file
2025-12-29 19:35:44,356 - DEBUG - Found file part: filename=server.py
2025-12-29 19:35:44,356 - DEBUG - Processing part: name=tags
2025-12-29 19:35:44,356 - DEBUG - Found tags: ['Test']
2025-12-29 19:35:44,356 - INFO - File saved to public/uploads/server_1767004544.py
2025-12-31 18:55:48,215 - INFO - POST request to /api/login
2025-12-31 18:55:48,249 - DEBUG - Headers: Host: localhost:8090
Connection: keep-alive
Content-Length: 19
sec-ch-ua-platform: "macOS"
User-Agent: Mozilla/5.0 (Macintosh; Intel Mac OS X 10_15_7) AppleWebKit/537.36 (KHTML, like Gecko) Chrome/143.0.0.0 Safari/537.36
sec-ch-ua: "Google Chrome";v="143", "Chromium";v="143", "Not A(Brand";v="24"
Content-Type: application/json
sec-ch-ua-mobile: ?0
Accept: */*
Origin: http://localhost:8090
Sec-Fetch-Site: same-origin
Sec-Fetch-Mode: cors
Sec-Fetch-Dest: empty
Referer: http://localhost:8090/login.html
Accept-Encoding: gzip, deflate, br, zstd
Accept-Language: en-US,en;q=0.9


2025-12-31 18:55:58,809 - INFO - POST request to /api/login
2025-12-31 18:55:58,810 - DEBUG - Headers: Host: localhost:8090
Connection: keep-alive
Content-Length: 19
sec-ch-ua-platform: "macOS"
User-Agent: Mozilla/5.0 (Macintosh; Intel Mac OS X 10_15_7) AppleWebKit/537.36 (KHTML, like Gecko) Chrome/143.0.0.0 Safari/537.36
sec-ch-ua: "Google Chrome";v="143", "Chromium";v="143", "Not A(Brand";v="24"
Content-Type: application/json
sec-ch-ua-mobile: ?0
Accept: */*
Origin: http://localhost:8090
Sec-Fetch-Site: same-origin
Sec-Fetch-Mode: cors
Sec-Fetch-Dest: empty
Referer: http://localhost:8090/login.html
Accept-Encoding: gzip, deflate, br, zstd
Accept-Language: en-US,en;q=0.9


2025-12-31 18:57:00,281 - INFO - POST request to /api/login
2025-12-31 18:57:00,286 - DEBUG - Headers: Host: localhost:8090
Connection: keep-alive
Content-Length: 19
sec-ch-ua-platform: "macOS"
User-Agent: Mozilla/5.0 (Macintosh; Intel Mac OS X 10_15_7) AppleWebKit/537.36 (KHTML, like Gecko) Chrome/143.0.0.0 Safari/537.36
sec-ch-ua: "Google Chrome";v="143", "Chromium";v="143", "Not A(Brand";v="24"
Content-Type: application/json
sec-ch-ua-mobile: ?0
Accept: */*
Origin: http://localhost:8090
Sec-Fetch-Site: same-origin
Sec-Fetch-Mode: cors
Sec-Fetch-Dest: empty
Referer: http://localhost:8090/login.html
Accept-Encoding: gzip, deflate, br, zstd
Accept-Language: en-US,en;q=0.9
Cookie: kakomon_session=4089905c-b0dc-4bea-9a57-8bf763ac9a76


2025-12-31 18:58:12,578 - INFO - POST request to /api/upload
2025-12-31 18:58:12,578 - DEBUG - Headers: Host: localhost:8090
Connection: keep-alive
Content-Length: 218
sec-ch-ua-platform: "macOS"
User-Agent: Mozilla/5.0 (Macintosh; Intel Mac OS X 10_15_7) AppleWebKit/537.36 (KHTML, like Gecko) Chrome/143.0.0.0 Safari/537.36
sec-ch-ua: "Google Chrome";v="143", "Chromium";v="143", "Not A(Brand";v="24"
Content-Type: multipart/form-data; boundary=----WebKitFormBoundaryqLSil77Jp8hmjmE6
sec-ch-ua-mobile: ?0
Accept: */*
Origin: http://localhost:8090
Sec-Fetch-Site: same-origin
Sec-Fetch-Mode: cors
Sec-Fetch-Dest: empty
Referer: http://localhost:8090/
Accept-Encoding: gzip, deflate, br, zstd
Accept-Language: en-US,en;q=0.9
Cookie: kakomon_session=1321a051-6ee1-4de7-b7a5-f46b2d1df69f


2025-12-31 18:58:12,578 - INFO - Receiving upload. Content-Length: 218
2025-12-31 18:58:12,580 - INFO - File saved to public/uploads/test_upload.txt
